[debug] [2023-02-12T17:35:09.659Z] ----------------------------------------------------------------------
[debug] [2023-02-12T17:35:09.664Z] Command:       C:\Program Files\nodejs\node.exe C:\Users\eskej\AppData\Roaming\npm\node_modules\firebase-tools\lib\bin\firebase.js deploy --only functions
[debug] [2023-02-12T17:35:09.666Z] CLI Version:   11.22.0
[debug] [2023-02-12T17:35:09.666Z] Platform:      win32
[debug] [2023-02-12T17:35:09.666Z] Node Version:  v17.0.1
[debug] [2023-02-12T17:35:09.669Z] Time:          Sun Feb 12 2023 18:35:09 GMT+0100 (Centraleuropæisk normaltid)
[debug] [2023-02-12T17:35:09.669Z] ----------------------------------------------------------------------
[debug] 
[debug] [2023-02-12T17:35:09.854Z] Field ".functions" in "firebase.json" is possibly invalid: should be object
[debug] [2023-02-12T17:35:09.855Z] Object ".functions[0]" in "firebase.json" has unknown property: {"additionalProperty":"rewrites"}
[debug] [2023-02-12T17:35:09.856Z] Field ".functions" in "firebase.json" is possibly invalid: should match some schema in anyOf
[debug] [2023-02-12T17:35:09.879Z] > command requires scopes: ["email","openid","https://www.googleapis.com/auth/cloudplatformprojects.readonly","https://www.googleapis.com/auth/firebase","https://www.googleapis.com/auth/cloud-platform"]
[debug] [2023-02-12T17:35:09.880Z] > authorizing via signed-in user (eskej@live.dk)
[debug] [2023-02-12T17:35:09.881Z] [iam] checking project foodwaste-62538 for permissions ["cloudfunctions.functions.create","cloudfunctions.functions.delete","cloudfunctions.functions.get","cloudfunctions.functions.list","cloudfunctions.functions.update","cloudfunctions.operations.get","firebase.projects.get"]
[debug] [2023-02-12T17:35:09.891Z] >>> [apiv2][query] POST https://cloudresourcemanager.googleapis.com/v1/projects/foodwaste-62538:testIamPermissions [none]
[debug] [2023-02-12T17:35:09.891Z] >>> [apiv2][(partial)header] POST https://cloudresourcemanager.googleapis.com/v1/projects/foodwaste-62538:testIamPermissions x-goog-quota-user=projects/foodwaste-62538
[debug] [2023-02-12T17:35:09.892Z] >>> [apiv2][body] POST https://cloudresourcemanager.googleapis.com/v1/projects/foodwaste-62538:testIamPermissions {"permissions":["cloudfunctions.functions.create","cloudfunctions.functions.delete","cloudfunctions.functions.get","cloudfunctions.functions.list","cloudfunctions.functions.update","cloudfunctions.operations.get","firebase.projects.get"]}
[debug] [2023-02-12T17:35:11.350Z] <<< [apiv2][status] POST https://cloudresourcemanager.googleapis.com/v1/projects/foodwaste-62538:testIamPermissions 200
[debug] [2023-02-12T17:35:11.351Z] <<< [apiv2][body] POST https://cloudresourcemanager.googleapis.com/v1/projects/foodwaste-62538:testIamPermissions {"permissions":["cloudfunctions.functions.create","cloudfunctions.functions.delete","cloudfunctions.functions.get","cloudfunctions.functions.list","cloudfunctions.functions.update","cloudfunctions.operations.get","firebase.projects.get"]}
[debug] [2023-02-12T17:35:11.353Z] >>> [apiv2][query] POST https://iam.googleapis.com/v1/projects/foodwaste-62538/serviceAccounts/foodwaste-62538@appspot.gserviceaccount.com:testIamPermissions [none]
[debug] [2023-02-12T17:35:11.353Z] >>> [apiv2][body] POST https://iam.googleapis.com/v1/projects/foodwaste-62538/serviceAccounts/foodwaste-62538@appspot.gserviceaccount.com:testIamPermissions {"permissions":["iam.serviceAccounts.actAs"]}
[debug] [2023-02-12T17:35:11.807Z] <<< [apiv2][status] POST https://iam.googleapis.com/v1/projects/foodwaste-62538/serviceAccounts/foodwaste-62538@appspot.gserviceaccount.com:testIamPermissions 200
[debug] [2023-02-12T17:35:11.807Z] <<< [apiv2][body] POST https://iam.googleapis.com/v1/projects/foodwaste-62538/serviceAccounts/foodwaste-62538@appspot.gserviceaccount.com:testIamPermissions {"permissions":["iam.serviceAccounts.actAs"]}
[info] 
[info] === Deploying to 'foodwaste-62538'...
[info] 
[info] i  deploying functions 
[debug] [2023-02-12T17:35:11.818Z] >>> [apiv2][query] GET https://firebase.googleapis.com/v1beta1/projects/foodwaste-62538 [none]
[debug] [2023-02-12T17:35:12.407Z] <<< [apiv2][status] GET https://firebase.googleapis.com/v1beta1/projects/foodwaste-62538 200
[debug] [2023-02-12T17:35:12.407Z] <<< [apiv2][body] GET https://firebase.googleapis.com/v1beta1/projects/foodwaste-62538 {"projectId":"foodwaste-62538","projectNumber":"1038409741721","displayName":"foodwaste","name":"projects/foodwaste-62538","resources":{"hostingSite":"foodwaste-62538","storageBucket":"foodwaste-62538.appspot.com","locationId":"europe-west"},"state":"ACTIVE","etag":"1_e41c3a4f-787f-4416-9116-c5a8789becb4"}
[info] i  functions: preparing codebase default for deployment 
[info] i  functions: ensuring required API cloudfunctions.googleapis.com is enabled... 
[info] i  functions: ensuring required API cloudbuild.googleapis.com is enabled... 
[info] i  artifactregistry: ensuring required API artifactregistry.googleapis.com is enabled... 
[debug] [2023-02-12T17:35:12.419Z] >>> [apiv2][query] GET https://serviceusage.googleapis.com/v1/projects/foodwaste-62538/services/cloudfunctions.googleapis.com [none]
[debug] [2023-02-12T17:35:12.420Z] >>> [apiv2][(partial)header] GET https://serviceusage.googleapis.com/v1/projects/foodwaste-62538/services/cloudfunctions.googleapis.com x-goog-quota-user=projects/foodwaste-62538
[debug] [2023-02-12T17:35:12.429Z] >>> [apiv2][query] GET https://serviceusage.googleapis.com/v1/projects/foodwaste-62538/services/runtimeconfig.googleapis.com [none]
[debug] [2023-02-12T17:35:12.430Z] >>> [apiv2][(partial)header] GET https://serviceusage.googleapis.com/v1/projects/foodwaste-62538/services/runtimeconfig.googleapis.com x-goog-quota-user=projects/foodwaste-62538
[debug] [2023-02-12T17:35:12.439Z] >>> [apiv2][query] GET https://serviceusage.googleapis.com/v1/projects/foodwaste-62538/services/cloudbuild.googleapis.com [none]
[debug] [2023-02-12T17:35:12.439Z] >>> [apiv2][(partial)header] GET https://serviceusage.googleapis.com/v1/projects/foodwaste-62538/services/cloudbuild.googleapis.com x-goog-quota-user=projects/foodwaste-62538
[debug] [2023-02-12T17:35:12.448Z] >>> [apiv2][query] GET https://serviceusage.googleapis.com/v1/projects/foodwaste-62538/services/artifactregistry.googleapis.com [none]
[debug] [2023-02-12T17:35:12.449Z] >>> [apiv2][(partial)header] GET https://serviceusage.googleapis.com/v1/projects/foodwaste-62538/services/artifactregistry.googleapis.com x-goog-quota-user=projects/foodwaste-62538
[debug] [2023-02-12T17:35:13.522Z] <<< [apiv2][status] GET https://serviceusage.googleapis.com/v1/projects/foodwaste-62538/services/artifactregistry.googleapis.com 200
[debug] [2023-02-12T17:35:13.523Z] <<< [apiv2][body] GET https://serviceusage.googleapis.com/v1/projects/foodwaste-62538/services/artifactregistry.googleapis.com [omitted]
[warn] !  artifactregistry: missing required API artifactregistry.googleapis.com. Enabling now... 
[debug] [2023-02-12T17:35:13.527Z] >>> [apiv2][query] POST https://serviceusage.googleapis.com/v1/projects/foodwaste-62538/services/artifactregistry.googleapis.com:enable [none]
[debug] [2023-02-12T17:35:13.528Z] >>> [apiv2][(partial)header] POST https://serviceusage.googleapis.com/v1/projects/foodwaste-62538/services/artifactregistry.googleapis.com:enable x-goog-quota-user=projects/foodwaste-62538
[debug] [2023-02-12T17:35:13.563Z] <<< [apiv2][status] GET https://serviceusage.googleapis.com/v1/projects/foodwaste-62538/services/cloudbuild.googleapis.com 200
[debug] [2023-02-12T17:35:13.564Z] <<< [apiv2][body] GET https://serviceusage.googleapis.com/v1/projects/foodwaste-62538/services/cloudbuild.googleapis.com [omitted]
[warn] !  functions: missing required API cloudbuild.googleapis.com. Enabling now... 
[debug] [2023-02-12T17:35:13.567Z] >>> [apiv2][query] POST https://serviceusage.googleapis.com/v1/projects/foodwaste-62538/services/cloudbuild.googleapis.com:enable [none]
[debug] [2023-02-12T17:35:13.568Z] >>> [apiv2][(partial)header] POST https://serviceusage.googleapis.com/v1/projects/foodwaste-62538/services/cloudbuild.googleapis.com:enable x-goog-quota-user=projects/foodwaste-62538
[debug] [2023-02-12T17:35:13.601Z] <<< [apiv2][status] GET https://serviceusage.googleapis.com/v1/projects/foodwaste-62538/services/cloudfunctions.googleapis.com 200
[debug] [2023-02-12T17:35:13.602Z] <<< [apiv2][body] GET https://serviceusage.googleapis.com/v1/projects/foodwaste-62538/services/cloudfunctions.googleapis.com [omitted]
[info] +  functions: required API cloudfunctions.googleapis.com is enabled 
[debug] [2023-02-12T17:35:13.653Z] <<< [apiv2][status] GET https://serviceusage.googleapis.com/v1/projects/foodwaste-62538/services/runtimeconfig.googleapis.com 200
[debug] [2023-02-12T17:35:13.654Z] <<< [apiv2][body] GET https://serviceusage.googleapis.com/v1/projects/foodwaste-62538/services/runtimeconfig.googleapis.com [omitted]
[debug] [2023-02-12T17:35:15.511Z] <<< [apiv2][status] POST https://serviceusage.googleapis.com/v1/projects/foodwaste-62538/services/artifactregistry.googleapis.com:enable 200
[debug] [2023-02-12T17:35:15.513Z] <<< [apiv2][body] POST https://serviceusage.googleapis.com/v1/projects/foodwaste-62538/services/artifactregistry.googleapis.com:enable [omitted]
[debug] [2023-02-12T17:35:15.531Z] <<< [apiv2][status] POST https://serviceusage.googleapis.com/v1/projects/foodwaste-62538/services/cloudbuild.googleapis.com:enable 200
[debug] [2023-02-12T17:35:15.532Z] <<< [apiv2][body] POST https://serviceusage.googleapis.com/v1/projects/foodwaste-62538/services/cloudbuild.googleapis.com:enable [omitted]
[debug] [2023-02-12T17:35:25.519Z] >>> [apiv2][query] GET https://serviceusage.googleapis.com/v1/projects/foodwaste-62538/services/artifactregistry.googleapis.com [none]
[debug] [2023-02-12T17:35:25.519Z] >>> [apiv2][(partial)header] GET https://serviceusage.googleapis.com/v1/projects/foodwaste-62538/services/artifactregistry.googleapis.com x-goog-quota-user=projects/foodwaste-62538
[debug] [2023-02-12T17:35:25.535Z] >>> [apiv2][query] GET https://serviceusage.googleapis.com/v1/projects/foodwaste-62538/services/cloudbuild.googleapis.com [none]
[debug] [2023-02-12T17:35:25.536Z] >>> [apiv2][(partial)header] GET https://serviceusage.googleapis.com/v1/projects/foodwaste-62538/services/cloudbuild.googleapis.com x-goog-quota-user=projects/foodwaste-62538
[debug] [2023-02-12T17:35:26.641Z] <<< [apiv2][status] GET https://serviceusage.googleapis.com/v1/projects/foodwaste-62538/services/cloudbuild.googleapis.com 200
[debug] [2023-02-12T17:35:26.641Z] <<< [apiv2][body] GET https://serviceusage.googleapis.com/v1/projects/foodwaste-62538/services/cloudbuild.googleapis.com [omitted]
[info] +  functions: required API cloudbuild.googleapis.com is enabled 
[debug] [2023-02-12T17:35:26.657Z] <<< [apiv2][status] GET https://serviceusage.googleapis.com/v1/projects/foodwaste-62538/services/artifactregistry.googleapis.com 200
[debug] [2023-02-12T17:35:26.657Z] <<< [apiv2][body] GET https://serviceusage.googleapis.com/v1/projects/foodwaste-62538/services/artifactregistry.googleapis.com [omitted]
[info] +  artifactregistry: required API artifactregistry.googleapis.com is enabled 
[debug] [2023-02-12T17:35:26.667Z] >>> [apiv2][query] GET https://firebase.googleapis.com/v1beta1/projects/foodwaste-62538/adminSdkConfig [none]
[debug] [2023-02-12T17:35:27.078Z] <<< [apiv2][status] GET https://firebase.googleapis.com/v1beta1/projects/foodwaste-62538/adminSdkConfig 200
[debug] [2023-02-12T17:35:27.078Z] <<< [apiv2][body] GET https://firebase.googleapis.com/v1beta1/projects/foodwaste-62538/adminSdkConfig {"projectId":"foodwaste-62538","storageBucket":"foodwaste-62538.appspot.com","locationId":"europe-west"}
[debug] [2023-02-12T17:35:27.079Z] >>> [apiv2][query] GET https://runtimeconfig.googleapis.com/v1beta1/projects/foodwaste-62538/configs [none]
[debug] [2023-02-12T17:35:27.532Z] <<< [apiv2][status] GET https://runtimeconfig.googleapis.com/v1beta1/projects/foodwaste-62538/configs 200
[debug] [2023-02-12T17:35:27.533Z] <<< [apiv2][body] GET https://runtimeconfig.googleapis.com/v1beta1/projects/foodwaste-62538/configs {}
[debug] [2023-02-12T17:35:27.537Z] Validating nodejs source
[warn] !  functions: package.json indicates an outdated version of firebase-functions. Please upgrade using npm install --save firebase-functions@latest in your functions directory. 
[warn] !  functions: Please note that there will be breaking changes when you upgrade. 
[debug] [2023-02-12T17:35:31.560Z] > [functions] package.json contents: {
  "name": "functions",
  "description": "Cloud Functions for Firebase",
  "scripts": {
    "serve": "firebase emulators:start --only functions",
    "shell": "firebase functions:shell",
    "start": "npm run shell",
    "deploy": "firebase deploy --only functions",
    "logs": "firebase functions:log"
  },
  "engines": {
    "node": "16"
  },
  "main": "index.js",
  "dependencies": {
    "@salling-group/auth": "^1.0.3",
    "firebase-admin": "^10.0.2",
    "firebase-functions": "^3.18.0"
  },
  "devDependencies": {
    "firebase-functions-test": "^0.2.0"
  },
  "private": true
}
[debug] [2023-02-12T17:35:31.561Z] Building nodejs source
[debug] [2023-02-12T17:35:31.565Z] Could not find functions.yaml. Must use http discovery
[debug] [2023-02-12T17:35:31.604Z] Found firebase-functions binary at 'C:\Users\eskej\Desktop\Test\FoodWaste\server\functions\node_modules\.bin\firebase-functions'
[debug] [2023-02-12T17:35:32.440Z] Serving at port 8520

[debug] [2023-02-12T17:35:33.123Z] FetchError: request to http://localhost:8520/__/quitquitquit failed, reason: connect ECONNREFUSED ::1:8520
    at ClientRequest.<anonymous> (C:\Users\eskej\AppData\Roaming\npm\node_modules\firebase-tools\node_modules\node-fetch\lib\index.js:1491:11)
    at ClientRequest.emit (node:events:390:28)
    at ClientRequest.emit (node:domain:475:12)
    at Socket.socketErrorListener (node:_http_client:447:9)
    at Socket.emit (node:events:390:28)
    at Socket.emit (node:domain:475:12)
    at emitErrorNT (node:internal/streams/destroy:164:8)
    at emitErrorCloseNT (node:internal/streams/destroy:129:3)
    at processTicksAndRejections (node:internal/process/task_queues:83:21)
[error] 
[error] Error: An unexpected error has occurred.
